<?xml version="1.0" encoding="UTF-8"?>
<!-- Generated by org.testng.reporters.JUnitReportReporter -->
<testsuite hostname="del1-lhp-n82105" failures="0" tests="1" name="com.Automation.Test.LoginTest" time="6.616" errors="0" timestamp="2022-08-22T21:28:32 IST" skipped="0">
  <testcase classname="com.Automation.Test.LoginTest" name="verify_login" time="6.616"/>
  <system-out/>
</testsuite> <!-- com.Automation.Test.LoginTest -->
