<?xml version="1.0" encoding="UTF-8"?>
<!-- Generated by org.testng.reporters.JUnitReportReporter -->
<testsuite hostname="del1-lhp-n82105" failures="0" tests="1" name="com.Automation.Test.LoginTest" time="4.828" errors="0" timestamp="2022-08-23T11:11:58 IST" skipped="0">
  <testcase classname="com.Automation.Test.LoginTest" name="verify_login" time="4.828"/>
  <system-out/>
</testsuite> <!-- com.Automation.Test.LoginTest -->
